<?xml version="1.0" encoding="UTF-8"?>
<testng-results ignored="4" total="21" passed="12" failed="4" skipped="1">
  <reporter-output>
  </reporter-output>
  <suite started-at="2022-07-06T14:13:45 IST" name="Default suite" finished-at="2022-07-06T14:15:04 IST" duration-ms="79538">
    <groups>
    </groups>
    <test started-at="2022-07-06T14:13:45 IST" name="Default test" finished-at="2022-07-06T14:15:04 IST" duration-ms="79538">
      <class name="com.mobileTest.AddClientTest">
        <test-method is-config="true" signature="launchChromeBrowser()[pri:0, instance:com.mobileTest.AddClientTest@2d52216b]" started-at="2022-07-06T14:13:45 IST" name="launchChromeBrowser" finished-at="2022-07-06T14:14:15 IST" duration-ms="30276" status="PASS">
          <reporter-output>
          </reporter-output>
        </test-method> <!-- launchChromeBrowser -->
        <test-method signature="validateAllclientdetails(java.lang.String,java.lang.String,java.lang.String,int,int)[pri:0, instance:com.mobileTest.AddClientTest@2d52216b]" started-at="2022-07-06T14:14:15 IST" name="validateAllclientdetails" data-provider="Credentials" finished-at="2022-07-06T14:14:15 IST" duration-ms="0" status="SKIP">
          <exception class="java.lang.RuntimeException">
            <message>
              <![CDATA[java.lang.ArrayIndexOutOfBoundsException: Index 0 out of bounds for length 0]]>
            </message>
            <full-stacktrace>
              <![CDATA[java.lang.RuntimeException: java.lang.ArrayIndexOutOfBoundsException: Index 0 out of bounds for length 0
at org.testng.internal.MethodInvocationHelper.invokeMethodNoCheckedException(MethodInvocationHelper.java:50)
at org.testng.internal.MethodInvocationHelper.invokeDataProvider(MethodInvocationHelper.java:146)
at org.testng.internal.Parameters.handleParameters(Parameters.java:798)
at org.testng.internal.Parameters.handleParameters(Parameters.java:740)
at org.testng.internal.ParameterHandler.handleParameters(ParameterHandler.java:59)
at org.testng.internal.ParameterHandler.createParameters(ParameterHandler.java:38)
at org.testng.internal.TestInvoker$MethodInvocationAgent.invoke(TestInvoker.java:791)
at org.testng.internal.TestInvoker.invokeTestMethods(TestInvoker.java:146)
at org.testng.internal.TestMethodWorker.invokeTestMethods(TestMethodWorker.java:146)
at org.testng.internal.TestMethodWorker.run(TestMethodWorker.java:128)
at java.base/java.util.ArrayList.forEach(ArrayList.java:1511)
at org.testng.TestRunner.privateRun(TestRunner.java:794)
at org.testng.TestRunner.run(TestRunner.java:596)
at org.testng.SuiteRunner.runTest(SuiteRunner.java:377)
at org.testng.SuiteRunner.runSequentially(SuiteRunner.java:371)
at org.testng.SuiteRunner.privateRun(SuiteRunner.java:332)
at org.testng.SuiteRunner.run(SuiteRunner.java:276)
at org.testng.SuiteRunnerWorker.runSuite(SuiteRunnerWorker.java:53)
at org.testng.SuiteRunnerWorker.run(SuiteRunnerWorker.java:96)
at org.testng.TestNG.runSuitesSequentially(TestNG.java:1212)
at org.testng.TestNG.runSuitesLocally(TestNG.java:1134)
at org.testng.TestNG.runSuites(TestNG.java:1063)
at org.testng.TestNG.run(TestNG.java:1031)
at org.testng.remote.AbstractRemoteTestNG.run(AbstractRemoteTestNG.java:115)
at org.testng.remote.RemoteTestNG.initAndRun(RemoteTestNG.java:251)
at org.testng.remote.RemoteTestNG.main(RemoteTestNG.java:77)
Caused by: java.lang.ArrayIndexOutOfBoundsException: Index 0 out of bounds for length 0
at com.mobileTest.AddClientTest.getData(AddClientTest.java:74)
at java.base/jdk.internal.reflect.NativeMethodAccessorImpl.invoke0(Native Method)
at java.base/jdk.internal.reflect.NativeMethodAccessorImpl.invoke(NativeMethodAccessorImpl.java:77)
at java.base/jdk.internal.reflect.DelegatingMethodAccessorImpl.invoke(DelegatingMethodAccessorImpl.java:43)
at java.base/java.lang.reflect.Method.invoke(Method.java:568)
at org.testng.internal.MethodInvocationHelper.invokeMethod(MethodInvocationHelper.java:133)
at org.testng.internal.MethodInvocationHelper.invokeMethod(MethodInvocationHelper.java:77)
at org.testng.internal.MethodInvocationHelper.invokeMethodNoCheckedException(MethodInvocationHelper.java:46)
... 25 more
]]>
            </full-stacktrace>
          </exception> <!-- java.lang.RuntimeException -->
          <reporter-output>
          </reporter-output>
        </test-method> <!-- validateAllclientdetails -->
        <test-method is-config="true" signature="setup()[pri:0, instance:com.mobileTest.AddClientTest@2d52216b]" started-at="2022-07-06T14:14:15 IST" name="setup" finished-at="2022-07-06T14:14:15 IST" duration-ms="321" status="PASS">
          <reporter-output>
          </reporter-output>
        </test-method> <!-- setup -->
        <test-method signature="validateURL()[pri:1, instance:com.mobileTest.AddClientTest@2d52216b]" started-at="2022-07-06T14:14:15 IST" name="validateURL" finished-at="2022-07-06T14:14:15 IST" duration-ms="22" status="PASS">
          <reporter-output>
          </reporter-output>
        </test-method> <!-- validateURL -->
        <test-method is-config="true" signature="Close()[pri:0, instance:com.mobileTest.AddClientTest@2d52216b]" started-at="2022-07-06T14:14:15 IST" name="Close" finished-at="2022-07-06T14:14:15 IST" duration-ms="0" status="PASS">
          <reporter-output>
          </reporter-output>
        </test-method> <!-- Close -->
        <test-method is-config="true" signature="setup()[pri:0, instance:com.mobileTest.AddClientTest@2d52216b]" started-at="2022-07-06T14:14:15 IST" name="setup" finished-at="2022-07-06T14:14:15 IST" duration-ms="6" status="PASS">
          <reporter-output>
          </reporter-output>
        </test-method> <!-- setup -->
        <test-method signature="validateValidLogin()[pri:3, instance:com.mobileTest.AddClientTest@2d52216b]" started-at="2022-07-06T14:14:15 IST" name="validateValidLogin" finished-at="2022-07-06T14:14:27 IST" duration-ms="11860" status="PASS">
          <reporter-output>
          </reporter-output>
        </test-method> <!-- validateValidLogin -->
        <test-method is-config="true" signature="Close()[pri:0, instance:com.mobileTest.AddClientTest@2d52216b]" started-at="2022-07-06T14:14:27 IST" name="Close" finished-at="2022-07-06T14:14:27 IST" duration-ms="4" status="PASS">
          <reporter-output>
          </reporter-output>
        </test-method> <!-- Close -->
        <test-method is-config="true" signature="setup()[pri:0, instance:com.mobileTest.AddClientTest@2d52216b]" started-at="2022-07-06T14:14:27 IST" name="setup" finished-at="2022-07-06T14:14:27 IST" duration-ms="7" status="PASS">
          <reporter-output>
          </reporter-output>
        </test-method> <!-- setup -->
        <test-method signature="validateUserDetailsDisplayed()[pri:4, instance:com.mobileTest.AddClientTest@2d52216b]" started-at="2022-07-06T14:14:27 IST" name="validateUserDetailsDisplayed" finished-at="2022-07-06T14:14:27 IST" duration-ms="78" status="PASS">
          <reporter-output>
          </reporter-output>
        </test-method> <!-- validateUserDetailsDisplayed -->
        <test-method is-config="true" signature="Close()[pri:0, instance:com.mobileTest.AddClientTest@2d52216b]" started-at="2022-07-06T14:14:27 IST" name="Close" finished-at="2022-07-06T14:14:27 IST" duration-ms="0" status="PASS">
          <reporter-output>
          </reporter-output>
        </test-method> <!-- Close -->
        <test-method is-config="true" signature="setup()[pri:0, instance:com.mobileTest.AddClientTest@2d52216b]" started-at="2022-07-06T14:14:27 IST" name="setup" finished-at="2022-07-06T14:14:27 IST" duration-ms="4" status="PASS">
          <reporter-output>
          </reporter-output>
        </test-method> <!-- setup -->
        <test-method signature="validateHomePageFeilds()[pri:5, instance:com.mobileTest.AddClientTest@2d52216b]" started-at="2022-07-06T14:14:27 IST" name="validateHomePageFeilds" finished-at="2022-07-06T14:14:28 IST" duration-ms="418" status="PASS">
          <reporter-output>
          </reporter-output>
        </test-method> <!-- validateHomePageFeilds -->
        <test-method is-config="true" signature="Close()[pri:0, instance:com.mobileTest.AddClientTest@2d52216b]" started-at="2022-07-06T14:14:28 IST" name="Close" finished-at="2022-07-06T14:14:28 IST" duration-ms="0" status="PASS">
          <reporter-output>
          </reporter-output>
        </test-method> <!-- Close -->
        <test-method is-config="true" signature="setup()[pri:0, instance:com.mobileTest.AddClientTest@2d52216b]" started-at="2022-07-06T14:14:28 IST" name="setup" finished-at="2022-07-06T14:14:28 IST" duration-ms="4" status="PASS">
          <reporter-output>
          </reporter-output>
        </test-method> <!-- setup -->
        <test-method signature="validateInvalidEmailidMessage()[pri:6, instance:com.mobileTest.AddClientTest@2d52216b]" started-at="2022-07-06T14:14:28 IST" name="validateInvalidEmailidMessage" finished-at="2022-07-06T14:14:29 IST" duration-ms="1017" status="PASS">
          <reporter-output>
          </reporter-output>
        </test-method> <!-- validateInvalidEmailidMessage -->
        <test-method is-config="true" signature="Close()[pri:0, instance:com.mobileTest.AddClientTest@2d52216b]" started-at="2022-07-06T14:14:29 IST" name="Close" finished-at="2022-07-06T14:14:29 IST" duration-ms="1" status="PASS">
          <reporter-output>
          </reporter-output>
        </test-method> <!-- Close -->
        <test-method is-config="true" signature="setup()[pri:0, instance:com.mobileTest.AddClientTest@2d52216b]" started-at="2022-07-06T14:14:29 IST" name="setup" finished-at="2022-07-06T14:14:29 IST" duration-ms="4" status="PASS">
          <reporter-output>
          </reporter-output>
        </test-method> <!-- setup -->
        <test-method signature="validatevalidEmailidMessage()[pri:7, instance:com.mobileTest.AddClientTest@2d52216b]" started-at="2022-07-06T14:14:29 IST" name="validatevalidEmailidMessage" finished-at="2022-07-06T14:14:30 IST" duration-ms="995" status="PASS">
          <reporter-output>
          </reporter-output>
        </test-method> <!-- validatevalidEmailidMessage -->
        <test-method is-config="true" signature="Close()[pri:0, instance:com.mobileTest.AddClientTest@2d52216b]" started-at="2022-07-06T14:14:30 IST" name="Close" finished-at="2022-07-06T14:14:30 IST" duration-ms="0" status="PASS">
          <reporter-output>
          </reporter-output>
        </test-method> <!-- Close -->
        <test-method is-config="true" signature="setup()[pri:0, instance:com.mobileTest.AddClientTest@2d52216b]" started-at="2022-07-06T14:14:30 IST" name="setup" finished-at="2022-07-06T14:14:30 IST" duration-ms="3" status="PASS">
          <reporter-output>
          </reporter-output>
        </test-method> <!-- setup -->
        <test-method signature="validateEmptySMS()[pri:8, instance:com.mobileTest.AddClientTest@2d52216b]" started-at="2022-07-06T14:14:30 IST" name="validateEmptySMS" finished-at="2022-07-06T14:14:30 IST" duration-ms="704" status="PASS">
          <reporter-output>
          </reporter-output>
        </test-method> <!-- validateEmptySMS -->
        <test-method is-config="true" signature="Close()[pri:0, instance:com.mobileTest.AddClientTest@2d52216b]" started-at="2022-07-06T14:14:30 IST" name="Close" finished-at="2022-07-06T14:14:30 IST" duration-ms="0" status="PASS">
          <reporter-output>
          </reporter-output>
        </test-method> <!-- Close -->
        <test-method is-config="true" signature="setup()[pri:0, instance:com.mobileTest.AddClientTest@2d52216b]" started-at="2022-07-06T14:14:30 IST" name="setup" finished-at="2022-07-06T14:14:30 IST" duration-ms="4" status="PASS">
          <reporter-output>
          </reporter-output>
        </test-method> <!-- setup -->
        <test-method signature="validateSMS()[pri:9, instance:com.mobileTest.AddClientTest@2d52216b]" started-at="2022-07-06T14:14:30 IST" name="validateSMS" finished-at="2022-07-06T14:14:31 IST" duration-ms="744" status="PASS">
          <reporter-output>
          </reporter-output>
        </test-method> <!-- validateSMS -->
        <test-method is-config="true" signature="Close()[pri:0, instance:com.mobileTest.AddClientTest@2d52216b]" started-at="2022-07-06T14:14:31 IST" name="Close" finished-at="2022-07-06T14:14:31 IST" duration-ms="0" status="PASS">
          <reporter-output>
          </reporter-output>
        </test-method> <!-- Close -->
        <test-method is-config="true" signature="setup()[pri:0, instance:com.mobileTest.AddClientTest@2d52216b]" started-at="2022-07-06T14:14:31 IST" name="setup" finished-at="2022-07-06T14:14:31 IST" duration-ms="6" status="PASS">
          <reporter-output>
          </reporter-output>
        </test-method> <!-- setup -->
        <test-method signature="validateMainNavigationFields()[pri:12, instance:com.mobileTest.AddClientTest@2d52216b]" started-at="2022-07-06T14:14:31 IST" name="validateMainNavigationFields" finished-at="2022-07-06T14:14:32 IST" duration-ms="397" status="PASS">
          <reporter-output>
          </reporter-output>
        </test-method> <!-- validateMainNavigationFields -->
        <test-method is-config="true" signature="Close()[pri:0, instance:com.mobileTest.AddClientTest@2d52216b]" started-at="2022-07-06T14:14:32 IST" name="Close" finished-at="2022-07-06T14:14:32 IST" duration-ms="0" status="PASS">
          <reporter-output>
          </reporter-output>
        </test-method> <!-- Close -->
        <test-method is-config="true" signature="setup()[pri:0, instance:com.mobileTest.AddClientTest@2d52216b]" started-at="2022-07-06T14:14:32 IST" name="setup" finished-at="2022-07-06T14:14:32 IST" duration-ms="2" status="PASS">
          <reporter-output>
          </reporter-output>
        </test-method> <!-- setup -->
        <test-method signature="validateClientpage()[pri:13, instance:com.mobileTest.AddClientTest@2d52216b]" started-at="2022-07-06T14:14:32 IST" name="validateClientpage" finished-at="2022-07-06T14:14:58 IST" duration-ms="26350" status="PASS">
          <reporter-output>
          </reporter-output>
        </test-method> <!-- validateClientpage -->
        <test-method is-config="true" signature="Close()[pri:0, instance:com.mobileTest.AddClientTest@2d52216b]" started-at="2022-07-06T14:14:58 IST" name="Close" finished-at="2022-07-06T14:14:58 IST" duration-ms="1" status="PASS">
          <reporter-output>
          </reporter-output>
        </test-method> <!-- Close -->
        <test-method is-config="true" signature="setup()[pri:0, instance:com.mobileTest.AddClientTest@2d52216b]" started-at="2022-07-06T14:14:58 IST" name="setup" finished-at="2022-07-06T14:14:58 IST" duration-ms="3" status="PASS">
          <reporter-output>
          </reporter-output>
        </test-method> <!-- setup -->
        <test-method signature="validateClientfields()[pri:14, instance:com.mobileTest.AddClientTest@2d52216b]" started-at="2022-07-06T14:14:58 IST" name="validateClientfields" finished-at="2022-07-06T14:14:58 IST" duration-ms="226" status="PASS">
          <reporter-output>
          </reporter-output>
        </test-method> <!-- validateClientfields -->
        <test-method is-config="true" signature="Close()[pri:0, instance:com.mobileTest.AddClientTest@2d52216b]" started-at="2022-07-06T14:14:58 IST" name="Close" finished-at="2022-07-06T14:14:58 IST" duration-ms="0" status="PASS">
          <reporter-output>
          </reporter-output>
        </test-method> <!-- Close -->
        <test-method is-config="true" signature="setup()[pri:0, instance:com.mobileTest.AddClientTest@2d52216b]" started-at="2022-07-06T14:14:58 IST" name="setup" finished-at="2022-07-06T14:14:58 IST" duration-ms="3" status="PASS">
          <reporter-output>
          </reporter-output>
        </test-method> <!-- setup -->
        <test-method signature="validateClientTablesize()[pri:16, instance:com.mobileTest.AddClientTest@2d52216b]" started-at="2022-07-06T14:14:58 IST" name="validateClientTablesize" finished-at="2022-07-06T14:14:58 IST" duration-ms="116" status="FAIL">
          <exception class="org.openqa.selenium.NoSuchElementException">
            <message>
              <![CDATA[no such element: Unable to locate element: {"method":"xpath","selector":"//tr//td[contains(.,'Jobish ')]"}
  (Session info: chrome=103.0.5060.66)
For documentation on this error, please visit: https://selenium.dev/exceptions/#no_such_element
Build info: version: '4.1.4', revision: '535d840ee2'
System info: host: 'JOSE', ip: '192.168.38.164', os.name: 'Windows 10', os.arch: 'amd64', os.version: '10.0', java.version: '17.0.2'
Driver info: org.openqa.selenium.chrome.ChromeDriver
Command: [0f4328a6a50e957747289b473e67c2ae, findElement {using=xpath, value=//tr//td[contains(.,'Jobish ')]}]
Capabilities {acceptInsecureCerts: false, browserName: chrome, browserVersion: 103.0.5060.66, chrome: {chromedriverVersion: 102.0.5005.61 (0e59bcc00cc4..., userDataDir: C:\Users\Jose.T\AppData\Loc...}, goog:chromeOptions: {debuggerAddress: localhost:54698}, javascriptEnabled: true, networkConnectionEnabled: false, pageLoadStrategy: normal, platform: WINDOWS, platformName: WINDOWS, proxy: Proxy(), se:cdp: ws://localhost:54698/devtoo..., se:cdpVersion: 103.0.5060.66, setWindowRect: true, strictFileInteractability: false, timeouts: {implicit: 0, pageLoad: 300000, script: 30000}, unhandledPromptBehavior: dismiss and notify, webauthn:extension:credBlob: true, webauthn:extension:largeBlob: true, webauthn:virtualAuthenticators: true}
Session ID: 0f4328a6a50e957747289b473e67c2ae]]>
            </message>
            <full-stacktrace>
              <![CDATA[org.openqa.selenium.NoSuchElementException: no such element: Unable to locate element: {"method":"xpath","selector":"//tr//td[contains(.,'Jobish ')]"}
  (Session info: chrome=103.0.5060.66)
For documentation on this error, please visit: https://selenium.dev/exceptions/#no_such_element
Build info: version: '4.1.4', revision: '535d840ee2'
System info: host: 'JOSE', ip: '192.168.38.164', os.name: 'Windows 10', os.arch: 'amd64', os.version: '10.0', java.version: '17.0.2'
Driver info: org.openqa.selenium.chrome.ChromeDriver
Command: [0f4328a6a50e957747289b473e67c2ae, findElement {using=xpath, value=//tr//td[contains(.,'Jobish ')]}]
Capabilities {acceptInsecureCerts: false, browserName: chrome, browserVersion: 103.0.5060.66, chrome: {chromedriverVersion: 102.0.5005.61 (0e59bcc00cc4..., userDataDir: C:\Users\Jose.T\AppData\Loc...}, goog:chromeOptions: {debuggerAddress: localhost:54698}, javascriptEnabled: true, networkConnectionEnabled: false, pageLoadStrategy: normal, platform: WINDOWS, platformName: WINDOWS, proxy: Proxy(), se:cdp: ws://localhost:54698/devtoo..., se:cdpVersion: 103.0.5060.66, setWindowRect: true, strictFileInteractability: false, timeouts: {implicit: 0, pageLoad: 300000, script: 30000}, unhandledPromptBehavior: dismiss and notify, webauthn:extension:credBlob: true, webauthn:extension:largeBlob: true, webauthn:virtualAuthenticators: true}
Session ID: 0f4328a6a50e957747289b473e67c2ae
at java.base/jdk.internal.reflect.NativeConstructorAccessorImpl.newInstance0(Native Method)
at java.base/jdk.internal.reflect.NativeConstructorAccessorImpl.newInstance(NativeConstructorAccessorImpl.java:77)
at java.base/jdk.internal.reflect.DelegatingConstructorAccessorImpl.newInstance(DelegatingConstructorAccessorImpl.java:45)
at java.base/java.lang.reflect.Constructor.newInstanceWithCaller(Constructor.java:499)
at java.base/java.lang.reflect.Constructor.newInstance(Constructor.java:480)
at org.openqa.selenium.remote.codec.w3c.W3CHttpResponseCodec.createException(W3CHttpResponseCodec.java:200)
at org.openqa.selenium.remote.codec.w3c.W3CHttpResponseCodec.decode(W3CHttpResponseCodec.java:133)
at org.openqa.selenium.remote.codec.w3c.W3CHttpResponseCodec.decode(W3CHttpResponseCodec.java:53)
at org.openqa.selenium.remote.HttpCommandExecutor.execute(HttpCommandExecutor.java:184)
at org.openqa.selenium.remote.service.DriverCommandExecutor.invokeExecute(DriverCommandExecutor.java:167)
at org.openqa.selenium.remote.service.DriverCommandExecutor.execute(DriverCommandExecutor.java:142)
at org.openqa.selenium.remote.RemoteWebDriver.execute(RemoteWebDriver.java:567)
at org.openqa.selenium.remote.ElementLocation$ElementFinder$2.findElement(ElementLocation.java:162)
at org.openqa.selenium.remote.ElementLocation.findElement(ElementLocation.java:60)
at org.openqa.selenium.remote.RemoteWebDriver.findElement(RemoteWebDriver.java:385)
at org.openqa.selenium.remote.RemoteWebDriver.findElement(RemoteWebDriver.java:377)
at org.openqa.selenium.support.pagefactory.DefaultElementLocator.findElement(DefaultElementLocator.java:70)
at org.openqa.selenium.support.pagefactory.internal.LocatingElementHandler.invoke(LocatingElementHandler.java:39)
at jdk.proxy2/jdk.proxy2.$Proxy18.getText(Unknown Source)
at com.mobileService.MobileClient.ClientsearchResultText(MobileClient.java:101)
at com.mobileTest.ClientTest.validateClientTablesize(ClientTest.java:77)
at java.base/jdk.internal.reflect.NativeMethodAccessorImpl.invoke0(Native Method)
at java.base/jdk.internal.reflect.NativeMethodAccessorImpl.invoke(NativeMethodAccessorImpl.java:77)
at java.base/jdk.internal.reflect.DelegatingMethodAccessorImpl.invoke(DelegatingMethodAccessorImpl.java:43)
at java.base/java.lang.reflect.Method.invoke(Method.java:568)
at org.testng.internal.MethodInvocationHelper.invokeMethod(MethodInvocationHelper.java:133)
at org.testng.internal.TestInvoker.invokeMethod(TestInvoker.java:598)
at org.testng.internal.TestInvoker.invokeTestMethod(TestInvoker.java:173)
at org.testng.internal.MethodRunner.runInSequence(MethodRunner.java:46)
at org.testng.internal.TestInvoker$MethodInvocationAgent.invoke(TestInvoker.java:824)
at org.testng.internal.TestInvoker.invokeTestMethods(TestInvoker.java:146)
at org.testng.internal.TestMethodWorker.invokeTestMethods(TestMethodWorker.java:146)
at org.testng.internal.TestMethodWorker.run(TestMethodWorker.java:128)
at java.base/java.util.ArrayList.forEach(ArrayList.java:1511)
at org.testng.TestRunner.privateRun(TestRunner.java:794)
at org.testng.TestRunner.run(TestRunner.java:596)
at org.testng.SuiteRunner.runTest(SuiteRunner.java:377)
at org.testng.SuiteRunner.runSequentially(SuiteRunner.java:371)
at org.testng.SuiteRunner.privateRun(SuiteRunner.java:332)
at org.testng.SuiteRunner.run(SuiteRunner.java:276)
at org.testng.SuiteRunnerWorker.runSuite(SuiteRunnerWorker.java:53)
at org.testng.SuiteRunnerWorker.run(SuiteRunnerWorker.java:96)
at org.testng.TestNG.runSuitesSequentially(TestNG.java:1212)
at org.testng.TestNG.runSuitesLocally(TestNG.java:1134)
at org.testng.TestNG.runSuites(TestNG.java:1063)
at org.testng.TestNG.run(TestNG.java:1031)
at org.testng.remote.AbstractRemoteTestNG.run(AbstractRemoteTestNG.java:115)
at org.testng.remote.RemoteTestNG.initAndRun(RemoteTestNG.java:251)
at org.testng.remote.RemoteTestNG.main(RemoteTestNG.java:77)
]]>
            </full-stacktrace>
          </exception> <!-- org.openqa.selenium.NoSuchElementException -->
          <reporter-output>
          </reporter-output>
        </test-method> <!-- validateClientTablesize -->
        <test-method is-config="true" signature="Close()[pri:0, instance:com.mobileTest.AddClientTest@2d52216b]" started-at="2022-07-06T14:14:58 IST" name="Close" finished-at="2022-07-06T14:14:58 IST" duration-ms="0" status="PASS">
          <reporter-output>
          </reporter-output>
        </test-method> <!-- Close -->
        <test-method is-config="true" signature="setup()[pri:0, instance:com.mobileTest.AddClientTest@2d52216b]" started-at="2022-07-06T14:14:58 IST" name="setup" finished-at="2022-07-06T14:14:58 IST" duration-ms="2" status="PASS">
          <reporter-output>
          </reporter-output>
        </test-method> <!-- setup -->
        <test-method signature="validateClientSerchResult()[pri:17, instance:com.mobileTest.AddClientTest@2d52216b]" started-at="2022-07-06T14:14:58 IST" name="validateClientSerchResult" finished-at="2022-07-06T14:14:58 IST" duration-ms="152" status="FAIL">
          <exception class="org.openqa.selenium.NoSuchElementException">
            <message>
              <![CDATA[no such element: Unable to locate element: {"method":"xpath","selector":"//tr//td[contains(.,'Jobish ')]"}
  (Session info: chrome=103.0.5060.66)
For documentation on this error, please visit: https://selenium.dev/exceptions/#no_such_element
Build info: version: '4.1.4', revision: '535d840ee2'
System info: host: 'JOSE', ip: '192.168.38.164', os.name: 'Windows 10', os.arch: 'amd64', os.version: '10.0', java.version: '17.0.2'
Driver info: org.openqa.selenium.chrome.ChromeDriver
Command: [0f4328a6a50e957747289b473e67c2ae, findElement {using=xpath, value=//tr//td[contains(.,'Jobish ')]}]
Capabilities {acceptInsecureCerts: false, browserName: chrome, browserVersion: 103.0.5060.66, chrome: {chromedriverVersion: 102.0.5005.61 (0e59bcc00cc4..., userDataDir: C:\Users\Jose.T\AppData\Loc...}, goog:chromeOptions: {debuggerAddress: localhost:54698}, javascriptEnabled: true, networkConnectionEnabled: false, pageLoadStrategy: normal, platform: WINDOWS, platformName: WINDOWS, proxy: Proxy(), se:cdp: ws://localhost:54698/devtoo..., se:cdpVersion: 103.0.5060.66, setWindowRect: true, strictFileInteractability: false, timeouts: {implicit: 0, pageLoad: 300000, script: 30000}, unhandledPromptBehavior: dismiss and notify, webauthn:extension:credBlob: true, webauthn:extension:largeBlob: true, webauthn:virtualAuthenticators: true}
Session ID: 0f4328a6a50e957747289b473e67c2ae]]>
            </message>
            <full-stacktrace>
              <![CDATA[org.openqa.selenium.NoSuchElementException: no such element: Unable to locate element: {"method":"xpath","selector":"//tr//td[contains(.,'Jobish ')]"}
  (Session info: chrome=103.0.5060.66)
For documentation on this error, please visit: https://selenium.dev/exceptions/#no_such_element
Build info: version: '4.1.4', revision: '535d840ee2'
System info: host: 'JOSE', ip: '192.168.38.164', os.name: 'Windows 10', os.arch: 'amd64', os.version: '10.0', java.version: '17.0.2'
Driver info: org.openqa.selenium.chrome.ChromeDriver
Command: [0f4328a6a50e957747289b473e67c2ae, findElement {using=xpath, value=//tr//td[contains(.,'Jobish ')]}]
Capabilities {acceptInsecureCerts: false, browserName: chrome, browserVersion: 103.0.5060.66, chrome: {chromedriverVersion: 102.0.5005.61 (0e59bcc00cc4..., userDataDir: C:\Users\Jose.T\AppData\Loc...}, goog:chromeOptions: {debuggerAddress: localhost:54698}, javascriptEnabled: true, networkConnectionEnabled: false, pageLoadStrategy: normal, platform: WINDOWS, platformName: WINDOWS, proxy: Proxy(), se:cdp: ws://localhost:54698/devtoo..., se:cdpVersion: 103.0.5060.66, setWindowRect: true, strictFileInteractability: false, timeouts: {implicit: 0, pageLoad: 300000, script: 30000}, unhandledPromptBehavior: dismiss and notify, webauthn:extension:credBlob: true, webauthn:extension:largeBlob: true, webauthn:virtualAuthenticators: true}
Session ID: 0f4328a6a50e957747289b473e67c2ae
at java.base/jdk.internal.reflect.NativeConstructorAccessorImpl.newInstance0(Native Method)
at java.base/jdk.internal.reflect.NativeConstructorAccessorImpl.newInstance(NativeConstructorAccessorImpl.java:77)
at java.base/jdk.internal.reflect.DelegatingConstructorAccessorImpl.newInstance(DelegatingConstructorAccessorImpl.java:45)
at java.base/java.lang.reflect.Constructor.newInstanceWithCaller(Constructor.java:499)
at java.base/java.lang.reflect.Constructor.newInstance(Constructor.java:480)
at org.openqa.selenium.remote.codec.w3c.W3CHttpResponseCodec.createException(W3CHttpResponseCodec.java:200)
at org.openqa.selenium.remote.codec.w3c.W3CHttpResponseCodec.decode(W3CHttpResponseCodec.java:133)
at org.openqa.selenium.remote.codec.w3c.W3CHttpResponseCodec.decode(W3CHttpResponseCodec.java:53)
at org.openqa.selenium.remote.HttpCommandExecutor.execute(HttpCommandExecutor.java:184)
at org.openqa.selenium.remote.service.DriverCommandExecutor.invokeExecute(DriverCommandExecutor.java:167)
at org.openqa.selenium.remote.service.DriverCommandExecutor.execute(DriverCommandExecutor.java:142)
at org.openqa.selenium.remote.RemoteWebDriver.execute(RemoteWebDriver.java:567)
at org.openqa.selenium.remote.ElementLocation$ElementFinder$2.findElement(ElementLocation.java:162)
at org.openqa.selenium.remote.ElementLocation.findElement(ElementLocation.java:60)
at org.openqa.selenium.remote.RemoteWebDriver.findElement(RemoteWebDriver.java:385)
at org.openqa.selenium.remote.RemoteWebDriver.findElement(RemoteWebDriver.java:377)
at org.openqa.selenium.support.pagefactory.DefaultElementLocator.findElement(DefaultElementLocator.java:70)
at org.openqa.selenium.support.pagefactory.internal.LocatingElementHandler.invoke(LocatingElementHandler.java:39)
at jdk.proxy2/jdk.proxy2.$Proxy18.getText(Unknown Source)
at com.mobileService.MobileClient.ClientsearchResultText(MobileClient.java:101)
at com.mobileTest.ClientTest.validateClientSerchResult(ClientTest.java:89)
at java.base/jdk.internal.reflect.NativeMethodAccessorImpl.invoke0(Native Method)
at java.base/jdk.internal.reflect.NativeMethodAccessorImpl.invoke(NativeMethodAccessorImpl.java:77)
at java.base/jdk.internal.reflect.DelegatingMethodAccessorImpl.invoke(DelegatingMethodAccessorImpl.java:43)
at java.base/java.lang.reflect.Method.invoke(Method.java:568)
at org.testng.internal.MethodInvocationHelper.invokeMethod(MethodInvocationHelper.java:133)
at org.testng.internal.TestInvoker.invokeMethod(TestInvoker.java:598)
at org.testng.internal.TestInvoker.invokeTestMethod(TestInvoker.java:173)
at org.testng.internal.MethodRunner.runInSequence(MethodRunner.java:46)
at org.testng.internal.TestInvoker$MethodInvocationAgent.invoke(TestInvoker.java:824)
at org.testng.internal.TestInvoker.invokeTestMethods(TestInvoker.java:146)
at org.testng.internal.TestMethodWorker.invokeTestMethods(TestMethodWorker.java:146)
at org.testng.internal.TestMethodWorker.run(TestMethodWorker.java:128)
at java.base/java.util.ArrayList.forEach(ArrayList.java:1511)
at org.testng.TestRunner.privateRun(TestRunner.java:794)
at org.testng.TestRunner.run(TestRunner.java:596)
at org.testng.SuiteRunner.runTest(SuiteRunner.java:377)
at org.testng.SuiteRunner.runSequentially(SuiteRunner.java:371)
at org.testng.SuiteRunner.privateRun(SuiteRunner.java:332)
at org.testng.SuiteRunner.run(SuiteRunner.java:276)
at org.testng.SuiteRunnerWorker.runSuite(SuiteRunnerWorker.java:53)
at org.testng.SuiteRunnerWorker.run(SuiteRunnerWorker.java:96)
at org.testng.TestNG.runSuitesSequentially(TestNG.java:1212)
at org.testng.TestNG.runSuitesLocally(TestNG.java:1134)
at org.testng.TestNG.runSuites(TestNG.java:1063)
at org.testng.TestNG.run(TestNG.java:1031)
at org.testng.remote.AbstractRemoteTestNG.run(AbstractRemoteTestNG.java:115)
at org.testng.remote.RemoteTestNG.initAndRun(RemoteTestNG.java:251)
at org.testng.remote.RemoteTestNG.main(RemoteTestNG.java:77)
]]>
            </full-stacktrace>
          </exception> <!-- org.openqa.selenium.NoSuchElementException -->
          <reporter-output>
          </reporter-output>
        </test-method> <!-- validateClientSerchResult -->
        <test-method is-config="true" signature="Close()[pri:0, instance:com.mobileTest.AddClientTest@2d52216b]" started-at="2022-07-06T14:14:58 IST" name="Close" finished-at="2022-07-06T14:14:58 IST" duration-ms="1" status="PASS">
          <reporter-output>
          </reporter-output>
        </test-method> <!-- Close -->
        <test-method is-config="true" signature="setup()[pri:0, instance:com.mobileTest.AddClientTest@2d52216b]" started-at="2022-07-06T14:14:58 IST" name="setup" finished-at="2022-07-06T14:14:58 IST" duration-ms="3" status="PASS">
          <reporter-output>
          </reporter-output>
        </test-method> <!-- setup -->
        <test-method signature="validateClientActionbuttonsWork()[pri:18, instance:com.mobileTest.AddClientTest@2d52216b]" started-at="2022-07-06T14:14:58 IST" name="validateClientActionbuttonsWork" finished-at="2022-07-06T14:14:59 IST" duration-ms="405" status="PASS">
          <reporter-output>
          </reporter-output>
        </test-method> <!-- validateClientActionbuttonsWork -->
        <test-method is-config="true" signature="Close()[pri:0, instance:com.mobileTest.AddClientTest@2d52216b]" started-at="2022-07-06T14:14:59 IST" name="Close" finished-at="2022-07-06T14:14:59 IST" duration-ms="0" status="PASS">
          <reporter-output>
          </reporter-output>
        </test-method> <!-- Close -->
        <test-method is-config="true" signature="setup()[pri:0, instance:com.mobileTest.AddClientTest@2d52216b]" started-at="2022-07-06T14:14:59 IST" name="setup" finished-at="2022-07-06T14:14:59 IST" duration-ms="3" status="PASS">
          <reporter-output>
          </reporter-output>
        </test-method> <!-- setup -->
        <test-method signature="validateClientActionbuttons()[pri:19, instance:com.mobileTest.AddClientTest@2d52216b]" started-at="2022-07-06T14:14:59 IST" name="validateClientActionbuttons" finished-at="2022-07-06T14:14:59 IST" duration-ms="208" status="FAIL">
          <exception class="java.lang.AssertionError">
            <message>
              <![CDATA[The following asserts failed:
Element is not displayed expected [true] but found [false],
Element is not displayed expected [true] but found [false],
Element is not displayed expected [true] but found [false],
Element is not displayed expected [true] but found [false],
Element is not displayed expected [true] but found [false]]]>
            </message>
            <full-stacktrace>
              <![CDATA[java.lang.AssertionError: The following asserts failed:
Element is not displayed expected [true] but found [false],
Element is not displayed expected [true] but found [false],
Element is not displayed expected [true] but found [false],
Element is not displayed expected [true] but found [false],
Element is not displayed expected [true] but found [false]
at org.testng.asserts.SoftAssert.assertAll(SoftAssert.java:47)
at org.testng.asserts.SoftAssert.assertAll(SoftAssert.java:31)
at com.mobileTest.ClientTest.validateClientActionbuttons(ClientTest.java:110)
at java.base/jdk.internal.reflect.NativeMethodAccessorImpl.invoke0(Native Method)
at java.base/jdk.internal.reflect.NativeMethodAccessorImpl.invoke(NativeMethodAccessorImpl.java:77)
at java.base/jdk.internal.reflect.DelegatingMethodAccessorImpl.invoke(DelegatingMethodAccessorImpl.java:43)
at java.base/java.lang.reflect.Method.invoke(Method.java:568)
at org.testng.internal.MethodInvocationHelper.invokeMethod(MethodInvocationHelper.java:133)
at org.testng.internal.TestInvoker.invokeMethod(TestInvoker.java:598)
at org.testng.internal.TestInvoker.invokeTestMethod(TestInvoker.java:173)
at org.testng.internal.MethodRunner.runInSequence(MethodRunner.java:46)
at org.testng.internal.TestInvoker$MethodInvocationAgent.invoke(TestInvoker.java:824)
at org.testng.internal.TestInvoker.invokeTestMethods(TestInvoker.java:146)
at org.testng.internal.TestMethodWorker.invokeTestMethods(TestMethodWorker.java:146)
at org.testng.internal.TestMethodWorker.run(TestMethodWorker.java:128)
at java.base/java.util.ArrayList.forEach(ArrayList.java:1511)
at org.testng.TestRunner.privateRun(TestRunner.java:794)
at org.testng.TestRunner.run(TestRunner.java:596)
at org.testng.SuiteRunner.runTest(SuiteRunner.java:377)
at org.testng.SuiteRunner.runSequentially(SuiteRunner.java:371)
at org.testng.SuiteRunner.privateRun(SuiteRunner.java:332)
at org.testng.SuiteRunner.run(SuiteRunner.java:276)
at org.testng.SuiteRunnerWorker.runSuite(SuiteRunnerWorker.java:53)
at org.testng.SuiteRunnerWorker.run(SuiteRunnerWorker.java:96)
at org.testng.TestNG.runSuitesSequentially(TestNG.java:1212)
at org.testng.TestNG.runSuitesLocally(TestNG.java:1134)
at org.testng.TestNG.runSuites(TestNG.java:1063)
at org.testng.TestNG.run(TestNG.java:1031)
at org.testng.remote.AbstractRemoteTestNG.run(AbstractRemoteTestNG.java:115)
at org.testng.remote.RemoteTestNG.initAndRun(RemoteTestNG.java:251)
at org.testng.remote.RemoteTestNG.main(RemoteTestNG.java:77)
]]>
            </full-stacktrace>
          </exception> <!-- java.lang.AssertionError -->
          <reporter-output>
          </reporter-output>
        </test-method> <!-- validateClientActionbuttons -->
        <test-method is-config="true" signature="Close()[pri:0, instance:com.mobileTest.AddClientTest@2d52216b]" started-at="2022-07-06T14:14:59 IST" name="Close" finished-at="2022-07-06T14:14:59 IST" duration-ms="7" status="PASS">
          <reporter-output>
          </reporter-output>
        </test-method> <!-- Close -->
        <test-method is-config="true" signature="setup()[pri:0, instance:com.mobileTest.AddClientTest@2d52216b]" started-at="2022-07-06T14:14:59 IST" name="setup" finished-at="2022-07-06T14:14:59 IST" duration-ms="8" status="PASS">
          <reporter-output>
          </reporter-output>
        </test-method> <!-- setup -->
        <test-method signature="validateAddClientFieldsDisplayed()[pri:20, instance:com.mobileTest.AddClientTest@2d52216b]" started-at="2022-07-06T14:14:59 IST" name="validateAddClientFieldsDisplayed" finished-at="2022-07-06T14:15:04 IST" duration-ms="5016" status="FAIL">
          <exception class="java.lang.IllegalArgumentException">
            <message>
              <![CDATA[Driver must be set]]>
            </message>
            <full-stacktrace>
              <![CDATA[java.lang.IllegalArgumentException: Driver must be set
at org.openqa.selenium.internal.Require.nonNull(Require.java:59)
at org.openqa.selenium.interactions.Actions.<init>(Actions.java:68)
at webActionHelpers.MouseAction.mouseClick(MouseAction.java:13)
at com.mobileService.AddClient.clickAddClientButton(AddClient.java:57)
at com.mobileTest.AddClientTest.validateAddClientFieldsDisplayed(AddClientTest.java:35)
at java.base/jdk.internal.reflect.NativeMethodAccessorImpl.invoke0(Native Method)
at java.base/jdk.internal.reflect.NativeMethodAccessorImpl.invoke(NativeMethodAccessorImpl.java:77)
at java.base/jdk.internal.reflect.DelegatingMethodAccessorImpl.invoke(DelegatingMethodAccessorImpl.java:43)
at java.base/java.lang.reflect.Method.invoke(Method.java:568)
at org.testng.internal.MethodInvocationHelper.invokeMethod(MethodInvocationHelper.java:133)
at org.testng.internal.TestInvoker.invokeMethod(TestInvoker.java:598)
at org.testng.internal.TestInvoker.invokeTestMethod(TestInvoker.java:173)
at org.testng.internal.MethodRunner.runInSequence(MethodRunner.java:46)
at org.testng.internal.TestInvoker$MethodInvocationAgent.invoke(TestInvoker.java:824)
at org.testng.internal.TestInvoker.invokeTestMethods(TestInvoker.java:146)
at org.testng.internal.TestMethodWorker.invokeTestMethods(TestMethodWorker.java:146)
at org.testng.internal.TestMethodWorker.run(TestMethodWorker.java:128)
at java.base/java.util.ArrayList.forEach(ArrayList.java:1511)
at org.testng.TestRunner.privateRun(TestRunner.java:794)
at org.testng.TestRunner.run(TestRunner.java:596)
at org.testng.SuiteRunner.runTest(SuiteRunner.java:377)
at org.testng.SuiteRunner.runSequentially(SuiteRunner.java:371)
at org.testng.SuiteRunner.privateRun(SuiteRunner.java:332)
at org.testng.SuiteRunner.run(SuiteRunner.java:276)
at org.testng.SuiteRunnerWorker.runSuite(SuiteRunnerWorker.java:53)
at org.testng.SuiteRunnerWorker.run(SuiteRunnerWorker.java:96)
at org.testng.TestNG.runSuitesSequentially(TestNG.java:1212)
at org.testng.TestNG.runSuitesLocally(TestNG.java:1134)
at org.testng.TestNG.runSuites(TestNG.java:1063)
at org.testng.TestNG.run(TestNG.java:1031)
at org.testng.remote.AbstractRemoteTestNG.run(AbstractRemoteTestNG.java:115)
at org.testng.remote.RemoteTestNG.initAndRun(RemoteTestNG.java:251)
at org.testng.remote.RemoteTestNG.main(RemoteTestNG.java:77)
]]>
            </full-stacktrace>
          </exception> <!-- java.lang.IllegalArgumentException -->
          <reporter-output>
          </reporter-output>
        </test-method> <!-- validateAddClientFieldsDisplayed -->
        <test-method is-config="true" signature="Close()[pri:0, instance:com.mobileTest.AddClientTest@2d52216b]" started-at="2022-07-06T14:15:04 IST" name="Close" finished-at="2022-07-06T14:15:04 IST" duration-ms="1" status="PASS">
          <reporter-output>
          </reporter-output>
        </test-method> <!-- Close -->
      </class> <!-- com.mobileTest.AddClientTest -->
    </test> <!-- Default test -->
  </suite> <!-- Default suite -->
</testng-results>
